[2026-01-26 10:54:27] [INFO] ========================================
[2026-01-26 10:54:27] [INFO] MFA Onboarding Deployment Log
[2026-01-26 10:54:27] [INFO] Started: 2026-01-26 10:54:27
[2026-01-26 10:54:27] [INFO] ========================================
[2026-01-26 10:54:27] [INFO] 
[2026-01-26 10:54:27] [INFO] Complete deployment started
[2026-01-26 10:54:34] [INFO] Executing: Install Prerequisites (Attempt 1/3)
[2026-01-26 10:57:12] [SUCCESS] ✓ Install Prerequisites completed successfully
[2026-01-26 10:57:15] [INFO] Executing: Provision SharePoint (Attempt 1/3)
[2026-01-26 11:01:15] [SUCCESS] ✓ Provision SharePoint completed successfully
[2026-01-26 11:01:18] [INFO] Executing: Create Shared Mailbox (Attempt 1/3)
[2026-01-26 11:02:32] [SUCCESS] ✓ Create Shared Mailbox completed successfully
[2026-01-26 11:02:35] [INFO] Executing: Azure Resources Creation (Attempt 1/3)
[2026-01-26 11:05:49] [SUCCESS] ✓ Azure Resources Creation completed successfully
[2026-01-26 11:05:52] [INFO] Executing: Function App Configuration (Attempt 1/3)
[2026-01-26 11:08:44] [SUCCESS] ✓ Function App Configuration completed successfully
[2026-01-26 11:08:47] [INFO] Executing: Logic App Deployment (Attempt 1/3)
[2026-01-26 11:11:10] [SUCCESS] ✓ Logic App Deployment completed successfully
[2026-01-26 11:11:13] [INFO] Executing: Upload Portal Deployment (Attempt 1/3)
[2026-01-26 11:11:15] [ERROR] ✗ Upload Portal Deployment failed: Script exited with code 1
[2026-01-26 11:11:15] [ERROR] Stack trace: at <ScriptBlock>, C:\Users\AndrewKemp\Kemponline\Andy Kemp - Documents\GitHub\MFA-Registration\Run-Complete-Deployment-Master.ps1: line 164
at Invoke-WithRetry, C:\Users\AndrewKemp\Kemponline\Andy Kemp - Documents\GitHub\MFA-Registration\Common-Functions.ps1: line 75
at <ScriptBlock>, C:\Users\AndrewKemp\Kemponline\Andy Kemp - Documents\GitHub\MFA-Registration\Run-Complete-Deployment-Master.ps1: line 161
at <ScriptBlock>, <No file>: line 1
[2026-01-26 11:13:52] [INFO] Executing: Upload Portal Deployment (Attempt 2/3)
[2026-01-26 11:15:32] [SUCCESS] ✓ Upload Portal Deployment completed successfully
[2026-01-26 11:15:35] [INFO] Executing: Email Reports Setup (Attempt 1/3)
[2026-01-26 11:15:36] [ERROR] ✗ Email Reports Setup failed: At C:\Users\AndrewKemp\Kemponline\Andy Kemp - Documents\GitHub\MFA-Registration\08-Deploy-Email-Reports.ps1:248 char:37
+     $portalUrl = "https://$($config[\"Azure\"][\"StorageAccountName\" …
+                                     ~
Array index expression is missing or not valid.

At C:\Users\AndrewKemp\Kemponline\Andy Kemp - Documents\GitHub\MFA-Registration\08-Deploy-Email-Reports.ps1:248 char:37
+ … alUrl = "https://$($config[\"Azure\"][\"StorageAccountName\"]).z33.we …
+                              ~~~~~~~~~~~~~~~~~~~~~~~~~~~~~~~~~~
Unexpected token '\"Azure\"][\"StorageAccountName\"]' in expression or statement.
[2026-01-26 11:15:36] [ERROR] Stack trace: at <ScriptBlock>, C:\Users\AndrewKemp\Kemponline\Andy Kemp - Documents\GitHub\MFA-Registration\Run-Complete-Deployment-Master.ps1: line 176
at Invoke-WithRetry, C:\Users\AndrewKemp\Kemponline\Andy Kemp - Documents\GitHub\MFA-Registration\Common-Functions.ps1: line 75
at <ScriptBlock>, C:\Users\AndrewKemp\Kemponline\Andy Kemp - Documents\GitHub\MFA-Registration\Run-Complete-Deployment-Master.ps1: line 175
at <ScriptBlock>, <No file>: line 1
[2026-01-26 11:16:44] [INFO] Executing: Email Reports Setup (Attempt 2/3)
[2026-01-26 11:18:25] [SUCCESS] ✓ Email Reports Setup completed successfully
[2026-01-26 11:18:28] [INFO] Executing: Function Authentication Setup (Attempt 1/3)
[2026-01-26 11:18:45] [SUCCESS] ✓ Function Authentication Setup completed successfully
[2026-01-26 11:18:48] [INFO] Executing: Graph Permissions Setup (Attempt 1/3)
[2026-01-26 11:19:34] [ERROR] ✗ Graph Permissions Setup failed: Script exited with code 1
[2026-01-26 11:19:34] [ERROR] Stack trace: at <ScriptBlock>, C:\Users\AndrewKemp\Kemponline\Andy Kemp - Documents\GitHub\MFA-Registration\Run-Complete-Deployment-Master.ps1: line 214
at Invoke-WithRetry, C:\Users\AndrewKemp\Kemponline\Andy Kemp - Documents\GitHub\MFA-Registration\Common-Functions.ps1: line 75
at <ScriptBlock>, C:\Users\AndrewKemp\Kemponline\Andy Kemp - Documents\GitHub\MFA-Registration\Run-Complete-Deployment-Master.ps1: line 211
at <ScriptBlock>, <No file>: line 1
[2026-01-26 11:20:35] [INFO] Executing: Graph Permissions Setup (Attempt 2/3)
[2026-01-26 11:20:59] [SUCCESS] ✓ Graph Permissions Setup completed successfully
[2026-01-26 11:21:02] [INFO] Executing: Logic App Permissions Setup (Attempt 1/3)
[2026-01-26 11:21:11] [SUCCESS] ✓ Logic App Permissions Setup completed successfully
[2026-01-26 11:21:17] [SUCCESS] Complete deployment finished successfully
